<?xml version="1.0" encoding="UTF-8"?>
<!-- Generated by org.testng.reporters.JUnitReportReporter -->
<testsuite hostname="DXCs-MacBook-Pro.local" failures="0" tests="1" name="commons.runParallel" time="11.997" errors="0" timestamp="2021-10-07T08:50:03 ICT" skipped="0">
  <testcase classname="commons.runParallel" name="runScenario" time="11.997"/>
  <system-out/>
</testsuite> <!-- commons.runParallel -->
